\BOOKMARK [1][-]{section.1}{Problem\0401\040\(8\040pts\)}{}% 1
\BOOKMARK [2][-]{subsection.1.1}{Problem:}{section.1}% 2
\BOOKMARK [2][-]{subsection.1.2}{Answer:}{section.1}% 3
\BOOKMARK [1][-]{section.2}{Problem\0402\040\(8\040pts\)}{}% 4
\BOOKMARK [2][-]{subsection.2.1}{Description}{section.2}% 5
\BOOKMARK [2][-]{subsection.2.2}{Answer}{section.2}% 6
\BOOKMARK [1][-]{section.3}{Problem\0403\040\(12\040pts\)}{}% 7
\BOOKMARK [2][-]{subsection.3.1}{Description}{section.3}% 8
\BOOKMARK [2][-]{subsection.3.2}{Answer}{section.3}% 9
\BOOKMARK [1][-]{section.4}{Problem\0404\040\(12\040pts\)}{}% 10
\BOOKMARK [2][-]{subsection.4.1}{Description}{section.4}% 11
\BOOKMARK [2][-]{subsection.4.2}{Answer}{section.4}% 12
\BOOKMARK [1][-]{section.5}{Problem\0405\040\(12\040pts\)}{}% 13
\BOOKMARK [2][-]{subsection.5.1}{Description}{section.5}% 14
\BOOKMARK [2][-]{subsection.5.2}{Answer}{section.5}% 15
\BOOKMARK [1][-]{section.6}{Problem\0406\040\(8\040pts\)}{}% 16
\BOOKMARK [2][-]{subsection.6.1}{Description}{section.6}% 17
\BOOKMARK [2][-]{subsection.6.2}{Answer}{section.6}% 18
\BOOKMARK [1][-]{section.7}{Problem\0407\040\(8\040pts\)}{}% 19
\BOOKMARK [2][-]{subsection.7.1}{Description}{section.7}% 20
\BOOKMARK [2][-]{subsection.7.2}{Answer}{section.7}% 21
\BOOKMARK [1][-]{section.8}{Problem\0408\040\(12\040pts\)}{}% 22
\BOOKMARK [2][-]{subsection.8.1}{Description}{section.8}% 23
\BOOKMARK [2][-]{subsection.8.2}{Answer}{section.8}% 24
\BOOKMARK [1][-]{section.9}{Problem\0409\040\(20\040pts\)}{}% 25
\BOOKMARK [2][-]{subsection.9.1}{Description}{section.9}% 26
\BOOKMARK [2][-]{subsection.9.2}{Answer}{section.9}% 27
